Determining if the pthread_create exist failed with the following output:
Change Dir: /home/iclab/motorcycle_ws/build/CMakeFiles/CMakeTmp

Run Build Command:"/usr/bin/make" "cmTC_0fadf/fast"
/usr/bin/make -f CMakeFiles/cmTC_0fadf.dir/build.make CMakeFiles/cmTC_0fadf.dir/build
make[1]: Entering directory '/home/iclab/motorcycle_ws/build/CMakeFiles/CMakeTmp'
Building C object CMakeFiles/cmTC_0fadf.dir/CheckSymbolExists.c.o
/usr/bin/cc    -o CMakeFiles/cmTC_0fadf.dir/CheckSymbolExists.c.o   -c /home/iclab/motorcycle_ws/build/CMakeFiles/CMakeTmp/CheckSymbolExists.c
Linking C executable cmTC_0fadf
/usr/bin/cmake -E cmake_link_script CMakeFiles/cmTC_0fadf.dir/link.txt --verbose=1
/usr/bin/cc      -rdynamic CMakeFiles/cmTC_0fadf.dir/CheckSymbolExists.c.o  -o cmTC_0fadf 
CMakeFiles/cmTC_0fadf.dir/CheckSymbolExists.c.o: In function `main':
CheckSymbolExists.c:(.text+0x1b): undefined reference to `pthread_create'
collect2: error: ld returned 1 exit status
CMakeFiles/cmTC_0fadf.dir/build.make:97: recipe for target 'cmTC_0fadf' failed
make[1]: *** [cmTC_0fadf] Error 1
make[1]: Leaving directory '/home/iclab/motorcycle_ws/build/CMakeFiles/CMakeTmp'
Makefile:126: recipe for target 'cmTC_0fadf/fast' failed
make: *** [cmTC_0fadf/fast] Error 2

File /home/iclab/motorcycle_ws/build/CMakeFiles/CMakeTmp/CheckSymbolExists.c:
/* */
#include <pthread.h>

int main(int argc, char** argv)
{
  (void)argv;
#ifndef pthread_create
  return ((int*)(&pthread_create))[argc];
#else
  (void)argc;
  return 0;
#endif
}

Determining if the function pthread_create exists in the pthreads failed with the following output:
Change Dir: /home/iclab/motorcycle_ws/build/CMakeFiles/CMakeTmp

Run Build Command:"/usr/bin/make" "cmTC_0ccbe/fast"
/usr/bin/make -f CMakeFiles/cmTC_0ccbe.dir/build.make CMakeFiles/cmTC_0ccbe.dir/build
make[1]: Entering directory '/home/iclab/motorcycle_ws/build/CMakeFiles/CMakeTmp'
Building C object CMakeFiles/cmTC_0ccbe.dir/CheckFunctionExists.c.o
/usr/bin/cc   -DCHECK_FUNCTION_EXISTS=pthread_create   -o CMakeFiles/cmTC_0ccbe.dir/CheckFunctionExists.c.o   -c /usr/share/cmake-3.10/Modules/CheckFunctionExists.c
Linking C executable cmTC_0ccbe
/usr/bin/cmake -E cmake_link_script CMakeFiles/cmTC_0ccbe.dir/link.txt --verbose=1
/usr/bin/cc  -DCHECK_FUNCTION_EXISTS=pthread_create    -rdynamic CMakeFiles/cmTC_0ccbe.dir/CheckFunctionExists.c.o  -o cmTC_0ccbe -lpthreads 
/usr/bin/ld: cannot find -lpthreads
collect2: error: ld returned 1 exit status
CMakeFiles/cmTC_0ccbe.dir/build.make:97: recipe for target 'cmTC_0ccbe' failed
make[1]: *** [cmTC_0ccbe] Error 1
make[1]: Leaving directory '/home/iclab/motorcycle_ws/build/CMakeFiles/CMakeTmp'
Makefile:126: recipe for target 'cmTC_0ccbe/fast' failed
make: *** [cmTC_0ccbe/fast] Error 2


